2023-01-17 20:26:39,382 [main] INFO 30 July - open ecommerce url
2023-01-17 20:26:39,546 [main] INFO 30 July - enter mail
2023-01-17 20:26:39,628 [main] INFO 30 July - enter password
2023-01-17 20:26:40,833 [main] INFO 30 July - click on login
2023-01-19 14:06:07,419 [main] INFO 30 July - open ecommerce url
2023-01-19 14:06:07,654 [main] INFO 30 July - enter mail
2023-01-19 14:06:07,759 [main] INFO 30 July - enter password
2023-01-19 14:06:08,933 [main] INFO 30 July - click on login
2023-01-19 16:28:20,539 [main] INFO 30 July - open ecommerce url
2023-01-19 16:28:20,687 [main] INFO 30 July - enter mail
2023-01-19 16:28:20,766 [main] INFO 30 July - enter password
2023-01-19 16:28:21,938 [main] INFO 30 July - click on login
2023-01-19 16:31:04,028 [main] INFO 30 July - open ecommerce url
2023-01-19 16:31:04,135 [main] INFO 30 July - enter mail
2023-01-19 16:31:04,215 [main] INFO 30 July - enter password
2023-01-19 16:31:05,834 [main] INFO 30 July - click on login
2023-01-19 16:31:05,852 [main] INFO 30 July - login succesful
2023-01-19 22:31:14,348 [main] INFO 30 July - open ecommerce url
2023-01-19 22:31:14,477 [main] INFO 30 July - enter mail
2023-01-19 22:31:14,564 [main] INFO 30 July - enter password
2023-01-19 22:31:15,754 [main] INFO 30 July - click on login
