2023-01-17 20:26:39,382 - 30 July -INFO - open ecommerce url
2023-01-17 20:26:39,546 - 30 July -INFO - enter mail
2023-01-17 20:26:39,628 - 30 July -INFO - enter password
2023-01-17 20:26:40,833 - 30 July -INFO - click on login
2023-01-19 14:06:07,419 - 30 July -INFO - open ecommerce url
2023-01-19 14:06:07,654 - 30 July -INFO - enter mail
2023-01-19 14:06:07,759 - 30 July -INFO - enter password
2023-01-19 14:06:08,933 - 30 July -INFO - click on login
2023-01-19 16:28:20,539 - 30 July -INFO - open ecommerce url
2023-01-19 16:28:20,687 - 30 July -INFO - enter mail
2023-01-19 16:28:20,766 - 30 July -INFO - enter password
2023-01-19 16:28:21,938 - 30 July -INFO - click on login
2023-01-19 16:31:04,028 - 30 July -INFO - open ecommerce url
2023-01-19 16:31:04,135 - 30 July -INFO - enter mail
2023-01-19 16:31:04,215 - 30 July -INFO - enter password
2023-01-19 16:31:05,834 - 30 July -INFO - click on login
2023-01-19 16:31:05,852 - 30 July -INFO - login succesful
2023-01-19 22:31:14,348 - 30 July -INFO - open ecommerce url
2023-01-19 22:31:14,477 - 30 July -INFO - enter mail
2023-01-19 22:31:14,564 - 30 July -INFO - enter password
2023-01-19 22:31:15,754 - 30 July -INFO - click on login
